04:11:32.676 [main] INFO  com.demo.automation.testcases.PurchaseTest - Added item: Magic Mouse x1
04:11:32.751 [main] INFO  com.demo.automation.testcases.PurchaseTest - STEP 4: Click on “Checkout” and confirm you have 1 Magic Mouse in your Check-Out Page
04:11:32.752 [main] INFO  com.demo.automation.testcases.PurchaseTest - waiting until the cart updates before continuing
04:11:35.410 [main] INFO  com.demo.automation.testcases.PurchaseTest - Number of items in cart: 1
04:11:38.449 [main] INFO  com.demo.automation.testcases.PurchaseTest - Is the item in the cart with correct quantity? : true
04:11:38.531 [main] INFO  com.demo.automation.testcases.PurchaseTest - Confirmed: items are in cart
04:11:38.532 [main] INFO  com.demo.automation.testcases.PurchaseTest - STEP 5: After confirming, click on Continue
04:11:38.669 [main] INFO  com.demo.automation.testcases.PurchaseTest - clicked continue
04:11:38.669 [main] INFO  com.demo.automation.testcases.PurchaseTest - STEP 6: Enter test (dummy) data needed for email, billing/contact details and click Purchase
04:11:39.572 [main] INFO  com.demo.automation.testcases.PurchaseTest - entered email: RohitK@testmail.com
04:11:39.749 [main] INFO  com.demo.automation.testcases.PurchaseTest - entered first name: Rohit
04:11:39.962 [main] INFO  com.demo.automation.testcases.PurchaseTest - entered last name: Kumar
04:11:40.163 [main] INFO  com.demo.automation.testcases.PurchaseTest - entered address: 60 Palomino Drive
04:11:40.388 [main] INFO  com.demo.automation.testcases.PurchaseTest - entered city: Mississauga
04:11:40.575 [main] INFO  com.demo.automation.testcases.PurchaseTest - entered state: Ontario
04:11:40.772 [main] INFO  com.demo.automation.testcases.PurchaseTest - entered country: Canada
04:11:40.932 [main] INFO  com.demo.automation.testcases.PurchaseTest - entered postal code: K1S5B7
04:11:41.434 [main] INFO  com.demo.automation.testcases.PurchaseTest - entered phone number: 6472897684
04:11:41.616 [main] INFO  com.demo.automation.testcases.PurchaseTest - Same as billing address(saba) = true
04:11:51.513 [main] INFO  com.demo.automation.testcases.PurchaseTest - Clicked purchase
04:11:51.514 [main] INFO  com.demo.automation.testcases.PurchaseTest - STEP 7: Confirm that you have placed the Order in ‘Transaction Results’ page
04:11:51.541 [main] INFO  com.demo.automation.testcases.PurchaseTest - Confirming Order...
04:11:51.618 [main] INFO  com.demo.automation.testcases.PurchaseTest - Transaction Results | ONLINE STORE
04:11:51.619 [main] INFO  com.demo.automation.testcases.PurchaseTest - Confirmed: order placed!
04:11:53.710 [main] INFO  com.demo.automation.testcases.PurchaseTest - Browser Closed
21:25:42.687 [main] INFO  com.demo.automation.testcases.PurchaseTest - Driver is Initialized
21:25:44.676 [main] INFO  com.demo.automation.testcases.PurchaseTest - STEP 1: go to url
21:25:47.764 [main] INFO  com.demo.automation.testcases.PurchaseTest - Navigated to url: http://store.demoqa.com/
21:25:47.895 [main] INFO  com.demo.automation.testcases.PurchaseTest - Initialized page objects
21:25:47.895 [main] INFO  com.demo.automation.testcases.PurchaseTest - STEP 2: Go to Product category and select Accessories
21:25:48.015 [main] INFO  com.demo.automation.testcases.PurchaseTest - Is Accessories displayed? true
21:25:51.907 [main] INFO  com.demo.automation.testcases.PurchaseTest - Clicked on Accessories
21:25:52.033 [main] INFO  com.demo.automation.testcases.PurchaseTest - STEP 3: Click on “Add to Cart” for just Magic Mouse
21:25:52.175 [main] INFO  com.demo.automation.testcases.PurchaseTest - Added item: Magic Mouse x1
21:25:52.175 [main] INFO  com.demo.automation.testcases.PurchaseTest - STEP 4: Click on “Checkout” and confirm you have 1 Magic Mouse in your Check-Out Page
21:25:52.176 [main] INFO  com.demo.automation.testcases.PurchaseTest - waiting until the cart updates before continuing
21:25:54.313 [main] INFO  com.demo.automation.testcases.PurchaseTest - Number of items in cart: 1
21:25:55.932 [main] INFO  com.demo.automation.testcases.PurchaseTest - Is the item in the cart with correct quantity? : true
21:25:55.988 [main] INFO  com.demo.automation.testcases.PurchaseTest - Confirmed: items are in cart
21:25:55.988 [main] INFO  com.demo.automation.testcases.PurchaseTest - STEP 5: After confirming, click on Continue
21:25:56.088 [main] INFO  com.demo.automation.testcases.PurchaseTest - clicked continue
21:25:56.088 [main] INFO  com.demo.automation.testcases.PurchaseTest - STEP 6: Enter test (dummy) data needed for email, billing/contact details and click Purchase
21:25:56.859 [main] INFO  com.demo.automation.testcases.PurchaseTest - entered email: RohitK@testmail.com
21:25:56.987 [main] INFO  com.demo.automation.testcases.PurchaseTest - entered first name: Rohit
21:25:57.099 [main] INFO  com.demo.automation.testcases.PurchaseTest - entered last name: Kumar
21:25:57.208 [main] INFO  com.demo.automation.testcases.PurchaseTest - entered address: 60 Palomino Drive
