03:34:37.841 [main] INFO  com.demo.automation.testcases.PurchaseTest - Added item: Magic Mouse x1
03:34:37.849 [main] INFO  com.demo.automation.testcases.PurchaseTest - STEP 4: Click on “Checkout” and confirm you have 1 Magic Mouse in your Check-Out Page
03:34:37.850 [main] INFO  com.demo.automation.testcases.PurchaseTest - waiting until the cart updates before continuing
03:34:43.599 [main] INFO  com.demo.automation.testcases.PurchaseTest - Number of items in cart: 1
03:34:47.068 [main] INFO  com.demo.automation.testcases.PurchaseTest - Is the item in the cart with correct quantity? : true
03:34:47.147 [main] INFO  com.demo.automation.testcases.PurchaseTest - Confirmed: items are in cart
03:34:47.147 [main] INFO  com.demo.automation.testcases.PurchaseTest - STEP 5: After confirming, click on Continue
03:34:47.265 [main] INFO  com.demo.automation.testcases.PurchaseTest - clicked continue
03:34:47.266 [main] INFO  com.demo.automation.testcases.PurchaseTest - STEP 6: Enter test (dummy) data needed for email, billing/contact details and click Purchase
03:34:48.285 [main] INFO  com.demo.automation.testcases.PurchaseTest - entered email: RohitK@testmail.com
03:34:48.447 [main] INFO  com.demo.automation.testcases.PurchaseTest - entered first name: Rohit
03:34:48.599 [main] INFO  com.demo.automation.testcases.PurchaseTest - entered last name: Kumar
03:34:48.823 [main] INFO  com.demo.automation.testcases.PurchaseTest - entered address: 60 Palomino Drive
03:34:49.021 [main] INFO  com.demo.automation.testcases.PurchaseTest - entered city: Mississauga
03:34:49.190 [main] INFO  com.demo.automation.testcases.PurchaseTest - entered state: Ontario
03:34:49.350 [main] INFO  com.demo.automation.testcases.PurchaseTest - entered country: Canada
03:34:49.494 [main] INFO  com.demo.automation.testcases.PurchaseTest - entered postal code: K1S5B7
03:34:49.686 [main] INFO  com.demo.automation.testcases.PurchaseTest - entered phone number: 6472897684
03:34:49.792 [main] INFO  com.demo.automation.testcases.PurchaseTest - Same as billing address(saba) = true
03:35:08.378 [main] INFO  com.demo.automation.testcases.PurchaseTest - Clicked purchase
03:35:08.378 [main] INFO  com.demo.automation.testcases.PurchaseTest - STEP 7: Confirm that you have placed the Order in ‘Transaction Results’ page
03:35:08.403 [main] INFO  com.demo.automation.testcases.PurchaseTest - Confirming Order...
03:35:08.465 [main] INFO  com.demo.automation.testcases.PurchaseTest - Transaction Results | ONLINE STORE
03:35:08.466 [main] INFO  com.demo.automation.testcases.PurchaseTest - Confirmed: order placed!
03:35:08.551 [main] INFO  com.demo.automation.testcases.PurchaseTest - Browser Closed
11:11:20.626 [main] INFO  com.demo.automation.testcases.PurchaseTest - Driver is Initialized
11:11:20.818 [main] INFO  com.demo.automation.testcases.PurchaseTest - STEP 1: go to url
11:11:25.291 [main] INFO  com.demo.automation.testcases.PurchaseTest - Navigated to url: http://store.demoqa.com/
11:11:25.399 [main] INFO  com.demo.automation.testcases.PurchaseTest - Initialized page objects
11:11:25.400 [main] INFO  com.demo.automation.testcases.PurchaseTest - STEP 2: Go to Product category and select Accessories
11:11:25.534 [main] INFO  com.demo.automation.testcases.PurchaseTest - Is Accessories displayed? true
11:11:31.060 [main] INFO  com.demo.automation.testcases.PurchaseTest - Clicked on Accessories
11:11:31.140 [main] INFO  com.demo.automation.testcases.PurchaseTest - STEP 3: Click on “Add to Cart” for just Magic Mouse
11:11:31.365 [main] INFO  com.demo.automation.testcases.PurchaseTest - Added item: Magic Mouse x1
11:11:31.366 [main] INFO  com.demo.automation.testcases.PurchaseTest - STEP 4: Click on “Checkout” and confirm you have 1 Magic Mouse in your Check-Out Page
11:11:31.367 [main] INFO  com.demo.automation.testcases.PurchaseTest - waiting until the cart updates before continuing
11:11:34.189 [main] INFO  com.demo.automation.testcases.PurchaseTest - Number of items in cart: 1
11:11:36.775 [main] INFO  com.demo.automation.testcases.PurchaseTest - Is the item in the cart with correct quantity? : true
11:11:36.855 [main] INFO  com.demo.automation.testcases.PurchaseTest - Confirmed: items are in cart
11:11:36.855 [main] INFO  com.demo.automation.testcases.PurchaseTest - STEP 5: After confirming, click on Continue
11:11:36.988 [main] INFO  com.demo.automation.testcases.PurchaseTest - clicked continue
11:11:36.989 [main] INFO  com.demo.automation.testcases.PurchaseTest - STEP 6: Enter test (dummy) data needed for email, billing/contact details and click Purchase
11:11:38.061 [main] INFO  com.demo.automation.testcases.PurchaseTest - entered email: RohitK@testmail.com
11:11:38.249 [main] INFO  com.demo.automation.testcases.PurchaseTest - entered first name: Rohit
11:11:38.427 [main] INFO  com.demo.automation.testcases.PurchaseTest - entered last name: Kumar
11:11:38.618 [main] INFO  com.demo.automation.testcases.PurchaseTest - entered address: 60 Palomino Drive
